Loading required package: methods
Loading required package: sm
Package 'sm', version 2.2-5.4: type help(sm) for summary information
Loading required package: zoo

Attaching package: 'zoo'

The following objects are masked from 'package:base':

    as.Date, as.Date.numeric

[1] 1
[1] 2
[1] 3
[1] 4
[1] 5
[1] 6
[1] 7
[1] 8
null device 
          1 
[1] 1
[1] 2
[1] 3
[1] 4
[1] 5
[1] 6
[1] 7
[1] 8
Error in cut.default(x, breaks = breaks) : 'breaks' are not unique
null device 
          1 
null device 
          1 
null device 
          1 
