-freqMatrix-
-2-
-0.15-
-2-
-False-
-False-
-5-
-,-
freqMatrix.csv
freqMatrix.csv converted in markers.txt
freqMatrix_clustering.output.csv converted in vis.txt
Started on 2020-09-06T04:34:58.678923
Set X to 0.15.
Reading data...
Generating complement data...
[1 2 3 4 5]
########
# Processing cluster 3...
########
2 gene combinations
Running t test on singletons...
Calculating fold change
Running XL-mHG on singletons...
X = 12
L = 168
Cluster size 84
Creating discrete expression matrix...
Finding simple true positives/negatives for singletons...
Finding pair expression matrix...
Running hypergeometric test on pairs...
1.215688705444336 seconds
Finding simple true positives/negatives for pairs...
Finding NEW Rank
2.6454031467437744 seconds
Pickling data for later...
Exporting cluster 3 output to CSV...
Drawing plots...
Drawing discrete plots for pairs...
Drawing combined plots...
Drawing singleton combined plots...
Drawing true positive/negative plots...
556.468138217926 seconds
########
# Processing cluster 4...
########
2 gene combinations
Running t test on singletons...
Calculating fold change
Running XL-mHG on singletons...
X = 15
L = 200
Cluster size 100
Creating discrete expression matrix...
Finding simple true positives/negatives for singletons...
Finding pair expression matrix...
Running hypergeometric test on pairs...
1.8462810516357422 seconds
Finding simple true positives/negatives for pairs...
Finding NEW Rank
2.2736124992370605 seconds
Pickling data for later...
Exporting cluster 4 output to CSV...
Drawing plots...
Drawing discrete plots for pairs...
Drawing combined plots...
Drawing singleton combined plots...
Drawing true positive/negative plots...
571.7968392372131 seconds
########
# Processing cluster 1...
########
2 gene combinations
Running t test on singletons...
Calculating fold change
Running XL-mHG on singletons...
X = 16
L = 216
Cluster size 108
Creating discrete expression matrix...
Finding simple true positives/negatives for singletons...
Finding pair expression matrix...
Running hypergeometric test on pairs...
0.5851869583129883 seconds
Finding simple true positives/negatives for pairs...
Finding NEW Rank
1.5974838733673096 seconds
Pickling data for later...
Exporting cluster 1 output to CSV...
Drawing plots...
Drawing discrete plots for pairs...
Drawing combined plots...
Drawing singleton combined plots...
Drawing true positive/negative plots...
589.3662853240967 seconds
########
# Processing cluster 5...
########
2 gene combinations
Running t test on singletons...
Calculating fold change
Running XL-mHG on singletons...
X = 15
L = 202
Cluster size 101
Creating discrete expression matrix...
Finding simple true positives/negatives for singletons...
Finding pair expression matrix...
Running hypergeometric test on pairs...
1.335012674331665 seconds
Finding simple true positives/negatives for pairs...
Finding NEW Rank
2.4602644443511963 seconds
Pickling data for later...
Exporting cluster 5 output to CSV...
Drawing plots...
Drawing discrete plots for pairs...
Drawing combined plots...
Drawing singleton combined plots...
Drawing true positive/negative plots...
597.0762014389038 seconds
Ended on 2020-09-06T04:44:56.290692
Took 597.6116147041321 seconds
Which is 9.960193578402201 minutes
########
# Processing cluster 2...
########
2 gene combinations
Running t test on singletons...
Calculating fold change
Running XL-mHG on singletons...
X = 16
L = 214
Cluster size 107
Creating discrete expression matrix...
Finding simple true positives/negatives for singletons...
Finding pair expression matrix...
Running hypergeometric test on pairs...
2.4182393550872803 seconds
Finding simple true positives/negatives for pairs...
Finding NEW Rank
3.7433226108551025 seconds
Pickling data for later...
Exporting cluster 2 output to CSV...
Drawing plots...
Drawing discrete plots for pairs...
Drawing combined plots...
Drawing singleton combined plots...
Drawing true positive/negative plots...
631.2310698032379 seconds
